<?xml version="1.0" encoding="UTF-8"?>
<!-- Generated by org.testng.reporters.JUnitXMLReporter -->
<testsuite hostname="DESKTOP-3M319LJ" ignored="0" name="Surefire test" tests="6" failures="0" timestamp="2019-03-31T21:09:42 IST" time="0.13" errors="0">
  <testcase name="AndroidApp" time="0.008" classname="QAclickAcademy.AppiumTest"/>
  <testcase name="NativeApp" time="0.0" classname="QAclickAcademy.AppiumTest"/>
  <testcase name="PostJira" time="0.0" classname="QAclickAcademy.RestAPITest"/>
  <testcase name="deleteTwitter" time="0.001" classname="QAclickAcademy.RestAPITest"/>
  <testcase name="ElementsUI" time="0.0" classname="QAclickAcademy.SeleniumTest"/>
  <testcase name="browserAutomation" time="0.0" classname="QAclickAcademy.SeleniumTest"/>
</testsuite> <!-- Surefire test -->
