<?xml version="1.0" encoding="UTF-8"?>
<testng-results skipped="0" failed="0" ignored="0" total="6" passed="6">
  <reporter-output>
  </reporter-output>
  <suite name="Surefire suite" duration-ms="130" started-at="2019-03-31T21:09:42 IST" finished-at="2019-03-31T21:09:42 IST">
    <groups>
    </groups>
    <test name="Surefire test" duration-ms="130" started-at="2019-03-31T21:09:42 IST" finished-at="2019-03-31T21:09:42 IST">
      <class name="QAclickAcademy.SeleniumTest">
        <test-method status="PASS" signature="ElementsUI()[pri:0, instance:QAclickAcademy.SeleniumTest@77caeb3e]" name="ElementsUI" duration-ms="0" started-at="2019-03-31T21:09:42 IST" finished-at="2019-03-31T21:09:42 IST">
          <reporter-output>
          </reporter-output>
        </test-method> <!-- ElementsUI -->
        <test-method status="PASS" signature="browserAutomation()[pri:0, instance:QAclickAcademy.SeleniumTest@77caeb3e]" name="browserAutomation" duration-ms="0" started-at="2019-03-31T21:09:42 IST" finished-at="2019-03-31T21:09:42 IST">
          <reporter-output>
          </reporter-output>
        </test-method> <!-- browserAutomation -->
      </class> <!-- QAclickAcademy.SeleniumTest -->
      <class name="QAclickAcademy.RestAPITest">
        <test-method status="PASS" signature="deleteTwitter()[pri:0, instance:QAclickAcademy.RestAPITest@66a3ffec]" name="deleteTwitter" duration-ms="1" started-at="2019-03-31T21:09:42 IST" finished-at="2019-03-31T21:09:42 IST">
          <reporter-output>
          </reporter-output>
        </test-method> <!-- deleteTwitter -->
        <test-method status="PASS" signature="PostJira()[pri:0, instance:QAclickAcademy.RestAPITest@66a3ffec]" name="PostJira" duration-ms="0" started-at="2019-03-31T21:09:42 IST" finished-at="2019-03-31T21:09:42 IST">
          <reporter-output>
          </reporter-output>
        </test-method> <!-- PostJira -->
      </class> <!-- QAclickAcademy.RestAPITest -->
      <class name="QAclickAcademy.AppiumTest">
        <test-method status="PASS" signature="AndroidApp()[pri:0, instance:QAclickAcademy.AppiumTest@3e6fa38a]" name="AndroidApp" duration-ms="8" started-at="2019-03-31T21:09:42 IST" finished-at="2019-03-31T21:09:42 IST">
          <reporter-output>
          </reporter-output>
        </test-method> <!-- AndroidApp -->
        <test-method status="PASS" signature="NativeApp()[pri:0, instance:QAclickAcademy.AppiumTest@3e6fa38a]" name="NativeApp" duration-ms="0" started-at="2019-03-31T21:09:42 IST" finished-at="2019-03-31T21:09:42 IST">
          <reporter-output>
          </reporter-output>
        </test-method> <!-- NativeApp -->
      </class> <!-- QAclickAcademy.AppiumTest -->
    </test> <!-- Surefire test -->
  </suite> <!-- Surefire suite -->
</testng-results>
